<?xml version="1.0" encoding="UTF-8"?>
<testng-results ignored="0" total="1" passed="1" failed="0" skipped="0">
  <reporter-output>
  </reporter-output>
  <suite started-at="2025-01-14T19:48:01 IST" name="Suite" finished-at="2025-01-14T19:48:18 IST" duration-ms="16074">
    <groups>
    </groups>
    <test started-at="2025-01-14T19:48:01 IST" name="Test" finished-at="2025-01-14T19:48:18 IST" duration-ms="16074">
      <class name="qa.tests.LoginTestCase1">
        <test-method is-config="true" signature="beforeTestMethod()[pri:0, instance:qa.tests.LoginTestCase1@9597028]" started-at="2025-01-14T19:48:01 IST" name="beforeTestMethod" finished-at="2025-01-14T19:48:02 IST" duration-ms="306" status="PASS">
          <reporter-output>
          </reporter-output>
        </test-method> <!-- beforeTestMethod -->
        <test-method is-config="true" signature="beforeMethodMethod(java.lang.String,java.lang.reflect.Method)[pri:0, instance:qa.tests.LoginTestCase1@9597028]" started-at="2025-01-14T19:48:02 IST" name="beforeMethodMethod" finished-at="2025-01-14T19:48:12 IST" duration-ms="10704" status="PASS">
          <params>
            <param index="0">
              <value>
                <![CDATA[chrome]]>
              </value>
            </param>
            <param index="1">
              <value>
                <![CDATA[public void qa.tests.LoginTestCase1.EnterCreds()]]>
              </value>
            </param>
          </params>
          <reporter-output>
          </reporter-output>
        </test-method> <!-- beforeMethodMethod -->
        <test-method signature="EnterCreds()[pri:0, instance:qa.tests.LoginTestCase1@9597028]" started-at="2025-01-14T19:48:12 IST" name="EnterCreds" finished-at="2025-01-14T19:48:17 IST" duration-ms="4626" status="PASS">
          <reporter-output>
          </reporter-output>
        </test-method> <!-- EnterCreds -->
        <test-method is-config="true" signature="afterMethod(org.testng.ITestResult)[pri:0, instance:qa.tests.LoginTestCase1@9597028]" started-at="2025-01-14T19:48:17 IST" name="afterMethod" finished-at="2025-01-14T19:48:17 IST" duration-ms="16" status="PASS">
          <params>
            <param index="0">
              <value>
                <![CDATA[[TestResult name=EnterCreds status=SUCCESS method=LoginTestCase1.EnterCreds()[pri:0, instance:qa.tests.LoginTestCase1@9597028] output={null}]]]>
              </value>
            </param>
          </params>
          <reporter-output>
          </reporter-output>
        </test-method> <!-- afterMethod -->
        <test-method is-config="true" signature="afterTest()[pri:0, instance:qa.tests.LoginTestCase1@9597028]" started-at="2025-01-14T19:48:17 IST" name="afterTest" finished-at="2025-01-14T19:48:18 IST" duration-ms="383" status="PASS">
          <reporter-output>
          </reporter-output>
        </test-method> <!-- afterTest -->
      </class> <!-- qa.tests.LoginTestCase1 -->
    </test> <!-- Test -->
  </suite> <!-- Suite -->
</testng-results>
