<?xml version="1.0" encoding="UTF-8"?>
<testng-results ignored="0" total="1" passed="1" failed="0" skipped="0">
  <reporter-output>
  </reporter-output>
  <suite started-at="2025-02-20T11:51:28 IST" name="Suite" finished-at="2025-02-20T11:53:22 IST" duration-ms="113513">
    <groups>
    </groups>
    <test started-at="2025-02-20T11:51:28 IST" name="Test" finished-at="2025-02-20T11:53:22 IST" duration-ms="113513">
      <class name="qa.tests.ExistingBeApp">
        <test-method is-config="true" signature="beforeTestMethod()[pri:0, instance:qa.tests.ExistingBeApp@6069db50]" started-at="2025-02-20T11:51:28 IST" name="beforeTestMethod" finished-at="2025-02-20T11:51:28 IST" duration-ms="319" status="PASS">
          <reporter-output>
          </reporter-output>
        </test-method> <!-- beforeTestMethod -->
        <test-method is-config="true" signature="beforeMethodMethod(java.lang.String,java.lang.reflect.Method)[pri:0, instance:qa.tests.ExistingBeApp@6069db50]" started-at="2025-02-20T11:51:28 IST" name="beforeMethodMethod" finished-at="2025-02-20T11:51:37 IST" duration-ms="8522" status="PASS">
          <params>
            <param index="0">
              <value>
                <![CDATA[chrome]]>
              </value>
            </param>
            <param index="1">
              <value>
                <![CDATA[public void qa.tests.ExistingBeApp.EnterCreds() throws java.lang.InterruptedException]]>
              </value>
            </param>
          </params>
          <reporter-output>
          </reporter-output>
        </test-method> <!-- beforeMethodMethod -->
        <test-method signature="EnterCreds()[pri:0, instance:qa.tests.ExistingBeApp@6069db50]" started-at="2025-02-20T11:51:37 IST" name="EnterCreds" finished-at="2025-02-20T11:53:21 IST" duration-ms="104203" status="PASS">
          <reporter-output>
          </reporter-output>
        </test-method> <!-- EnterCreds -->
        <test-method is-config="true" signature="afterMethod(org.testng.ITestResult)[pri:0, instance:qa.tests.ExistingBeApp@6069db50]" started-at="2025-02-20T11:53:21 IST" name="afterMethod" finished-at="2025-02-20T11:53:21 IST" duration-ms="8" status="PASS">
          <params>
            <param index="0">
              <value>
                <![CDATA[[TestResult name=EnterCreds status=SUCCESS method=ExistingBeApp.EnterCreds()[pri:0, instance:qa.tests.ExistingBeApp@6069db50] output={null}]]]>
              </value>
            </param>
          </params>
          <reporter-output>
          </reporter-output>
        </test-method> <!-- afterMethod -->
        <test-method is-config="true" signature="afterTest()[pri:0, instance:qa.tests.ExistingBeApp@6069db50]" started-at="2025-02-20T11:53:21 IST" name="afterTest" finished-at="2025-02-20T11:53:22 IST" duration-ms="414" status="PASS">
          <reporter-output>
          </reporter-output>
        </test-method> <!-- afterTest -->
      </class> <!-- qa.tests.ExistingBeApp -->
    </test> <!-- Test -->
  </suite> <!-- Suite -->
</testng-results>
